TN:
SF:src\components\events.ts
FN:28,attachEvents
FN:54,(anonymous_1)
FN:92,(anonymous_2)
FN:110,(anonymous_3)
FN:117,(anonymous_4)
FN:166,(anonymous_5)
FN:184,attachHotelSelectorEvents
FN:197,(anonymous_7)
FN:213,(anonymous_8)
FN:215,(anonymous_9)
FN:221,(anonymous_10)
FN:226,(anonymous_11)
FN:249,attachDateSelectorEvents
FN:263,(anonymous_13)
FN:271,(anonymous_14)
FN:305,(anonymous_15)
FN:306,(anonymous_16)
FN:321,(anonymous_17)
FN:377,(anonymous_18)
FN:421,attachOccupancySelectorEvents
FN:440,(anonymous_20)
FN:452,(anonymous_21)
FN:468,(anonymous_22)
FN:483,(anonymous_23)
FN:488,(anonymous_24)
FN:498,(anonymous_25)
FN:524,(anonymous_26)
FN:540,selectHotel
FN:561,(anonymous_28)
FN:593,handleDateSelection
FN:710,updateCalendarSelection
FN:719,(anonymous_31)
FN:724,(anonymous_32)
FN:775,updateCalendarActions
FN:841,(anonymous_34)
FN:869,handleCounterChange
FN:927,updateDateDisplay
FN:954,updateOccupancyDisplay
FN:962,(anonymous_38)
FN:964,(anonymous_39)
FN:987,filterHotels
FN:994,(anonymous_41)
FN:1001,(anonymous_42)
FN:1034,(anonymous_43)
FN:1049,(anonymous_44)
FN:1056,(anonymous_45)
FN:1073,fuzzyMatch
FN:1089,highlightSearchTerm
FN:1096,handleHotelSearchKeyboard
FN:1144,closeAllDropdowns
FN:1151,(anonymous_50)
FN:1170,(anonymous_51)
FN:1185,showDateValidationError
FN:1213,(anonymous_53)
FN:1220,showGuestLimitError
FN:1239,(anonymous_55)
FN:1246,showLoadingState
FN:1249,(anonymous_57)
FN:1257,hideLoadingState
FN:1260,(anonymous_59)
FN:1268,showAvailabilityError
FN:1292,(anonymous_61)
FN:1295,(anonymous_62)
FN:1304,handleSearch
FN:1336,(anonymous_64)
FN:1346,(anonymous_65)
FN:1360,(anonymous_66)
FN:1425,(anonymous_67)
FNF:68
FNH:0
FNDA:0,attachEvents
FNDA:0,(anonymous_1)
FNDA:0,(anonymous_2)
FNDA:0,(anonymous_3)
FNDA:0,(anonymous_4)
FNDA:0,(anonymous_5)
FNDA:0,attachHotelSelectorEvents
FNDA:0,(anonymous_7)
FNDA:0,(anonymous_8)
FNDA:0,(anonymous_9)
FNDA:0,(anonymous_10)
FNDA:0,(anonymous_11)
FNDA:0,attachDateSelectorEvents
FNDA:0,(anonymous_13)
FNDA:0,(anonymous_14)
FNDA:0,(anonymous_15)
FNDA:0,(anonymous_16)
FNDA:0,(anonymous_17)
FNDA:0,(anonymous_18)
FNDA:0,attachOccupancySelectorEvents
FNDA:0,(anonymous_20)
FNDA:0,(anonymous_21)
FNDA:0,(anonymous_22)
FNDA:0,(anonymous_23)
FNDA:0,(anonymous_24)
FNDA:0,(anonymous_25)
FNDA:0,(anonymous_26)
FNDA:0,selectHotel
FNDA:0,(anonymous_28)
FNDA:0,handleDateSelection
FNDA:0,updateCalendarSelection
FNDA:0,(anonymous_31)
FNDA:0,(anonymous_32)
FNDA:0,updateCalendarActions
FNDA:0,(anonymous_34)
FNDA:0,handleCounterChange
FNDA:0,updateDateDisplay
FNDA:0,updateOccupancyDisplay
FNDA:0,(anonymous_38)
FNDA:0,(anonymous_39)
FNDA:0,filterHotels
FNDA:0,(anonymous_41)
FNDA:0,(anonymous_42)
FNDA:0,(anonymous_43)
FNDA:0,(anonymous_44)
FNDA:0,(anonymous_45)
FNDA:0,fuzzyMatch
FNDA:0,highlightSearchTerm
FNDA:0,handleHotelSearchKeyboard
FNDA:0,closeAllDropdowns
FNDA:0,(anonymous_50)
FNDA:0,(anonymous_51)
FNDA:0,showDateValidationError
FNDA:0,(anonymous_53)
FNDA:0,showGuestLimitError
FNDA:0,(anonymous_55)
FNDA:0,showLoadingState
FNDA:0,(anonymous_57)
FNDA:0,hideLoadingState
FNDA:0,(anonymous_59)
FNDA:0,showAvailabilityError
FNDA:0,(anonymous_61)
FNDA:0,(anonymous_62)
FNDA:0,handleSearch
FNDA:0,(anonymous_64)
FNDA:0,(anonymous_65)
FNDA:0,(anonymous_66)
FNDA:0,(anonymous_67)
DA:1,0
DA:2,0
DA:3,0
DA:28,0
DA:33,0
DA:48,0
DA:51,0
DA:52,0
DA:53,0
DA:54,0
DA:55,0
DA:56,0
DA:57,0
DA:59,0
DA:62,0
DA:66,0
DA:69,0
DA:70,0
DA:74,0
DA:75,0
DA:76,0
DA:80,0
DA:83,0
DA:84,0
DA:88,0
DA:91,0
DA:92,0
DA:93,0
DA:94,0
DA:97,0
DA:99,0
DA:100,0
DA:103,0
DA:108,0
DA:109,0
DA:110,0
DA:111,0
DA:112,0
DA:117,0
DA:118,0
DA:119,0
DA:121,0
DA:125,0
DA:131,0
DA:134,0
DA:138,0
DA:140,0
DA:141,0
DA:145,0
DA:146,0
DA:151,0
DA:152,0
DA:158,0
DA:161,0
DA:162,0
DA:166,0
DA:167,0
DA:168,0
DA:169,0
DA:173,0
DA:174,0
DA:175,0
DA:176,0
DA:177,0
DA:179,0
DA:189,0
DA:190,0
DA:191,0
DA:194,0
DA:197,0
DA:198,0
DA:199,0
DA:200,0
DA:204,0
DA:205,0
DA:206,0
DA:207,0
DA:213,0
DA:214,0
DA:215,0
DA:216,0
DA:221,0
DA:222,0
DA:226,0
DA:227,0
DA:228,0
DA:230,0
DA:231,0
DA:232,0
DA:233,0
DA:234,0
DA:235,0
DA:238,0
DA:241,0
DA:242,0
DA:254,0
DA:255,0
DA:256,0
DA:259,0
DA:262,0
DA:263,0
DA:264,0
DA:265,0
DA:266,0
DA:271,0
DA:272,0
DA:273,0
DA:275,0
DA:277,0
DA:278,0
DA:281,0
DA:286,0
DA:287,0
DA:288,0
DA:299,0
DA:304,0
DA:305,0
DA:306,0
DA:307,0
DA:308,0
DA:309,0
DA:310,0
DA:311,0
DA:312,0
DA:313,0
DA:314,0
DA:315,0
DA:321,0
DA:322,0
DA:323,0
DA:328,0
DA:329,0
DA:331,0
DA:334,0
DA:341,0
DA:342,0
DA:346,0
DA:347,0
DA:349,0
DA:350,0
DA:351,0
DA:355,0
DA:356,0
DA:357,0
DA:358,0
DA:361,0
DA:362,0
DA:363,0
DA:367,0
DA:370,0
DA:371,0
DA:372,0
DA:376,0
DA:377,0
DA:378,0
DA:379,0
DA:383,0
DA:387,0
DA:388,0
DA:389,0
DA:392,0
DA:393,0
DA:395,0
DA:396,0
DA:398,0
DA:402,0
DA:405,0
DA:416,0
DA:426,0
DA:427,0
DA:428,0
DA:431,0
DA:436,0
DA:439,0
DA:440,0
DA:441,0
DA:442,0
DA:443,0
DA:448,0
DA:451,0
DA:452,0
DA:453,0
DA:454,0
DA:455,0
DA:458,0
DA:461,0
DA:462,0
DA:468,0
DA:469,0
DA:470,0
DA:471,0
DA:475,0
DA:476,0
DA:477,0
DA:478,0
DA:483,0
DA:484,0
DA:488,0
DA:489,0
DA:490,0
DA:491,0
DA:492,0
DA:493,0
DA:498,0
DA:499,0
DA:500,0
DA:503,0
DA:504,0
DA:505,0
DA:506,0
DA:507,0
DA:511,0
DA:512,0
DA:513,0
DA:516,0
DA:517,0
DA:519,0
DA:524,0
DA:525,0
DA:526,0
DA:528,0
DA:529,0
DA:530,0
DA:533,0
DA:535,0
DA:546,0
DA:549,0
DA:551,0
DA:552,0
DA:554,0
DA:555,0
DA:556,0
DA:560,0
DA:561,0
DA:562,0
DA:563,0
DA:564,0
DA:569,0
DA:570,0
DA:571,0
DA:572,0
DA:575,0
DA:576,0
DA:590,0
DA:591,0
DA:600,0
DA:601,0
DA:604,0
DA:609,0
DA:612,0
DA:613,0
DA:616,0
DA:617,0
DA:622,0
DA:629,0
DA:630,0
DA:631,0
DA:637,0
DA:638,0
DA:642,0
DA:643,0
DA:644,0
DA:649,0
DA:652,0
DA:653,0
DA:654,0
DA:659,0
DA:662,0
DA:663,0
DA:670,0
DA:673,0
DA:675,0
DA:676,0
DA:677,0
DA:679,0
DA:681,0
DA:683,0
DA:684,0
DA:687,0
DA:688,0
DA:694,0
DA:695,0
DA:696,0
DA:701,0
DA:704,0
DA:707,0
DA:714,0
DA:715,0
DA:718,0
DA:719,0
DA:720,0
DA:724,0
DA:725,0
DA:726,0
DA:727,0
DA:729,0
DA:730,0
DA:731,0
DA:732,0
DA:733,0
DA:736,0
DA:744,0
DA:754,0
DA:755,0
DA:759,0
DA:760,0
DA:764,0
DA:770,0
DA:780,0
DA:781,0
DA:784,0
DA:787,0
DA:788,0
DA:789,0
DA:792,0
DA:793,0
DA:794,0
DA:796,0
DA:801,0
DA:802,0
DA:806,0
DA:807,0
DA:811,0
DA:812,0
DA:817,0
DA:820,0
DA:823,0
DA:825,0
DA:826,0
DA:827,0
DA:828,0
DA:831,0
DA:838,0
DA:841,0
DA:842,0
DA:843,0
DA:847,0
DA:848,0
DA:851,0
DA:854,0
DA:859,0
DA:860,0
DA:863,0
DA:865,0
DA:877,0
DA:878,0
DA:880,0
DA:881,0
DA:882,0
DA:884,0
DA:885,0
DA:886,0
DA:888,0
DA:889,0
DA:893,0
DA:894,0
DA:896,0
DA:897,0
DA:899,0
DA:902,0
DA:904,0
DA:905,0
DA:909,0
DA:912,0
DA:913,0
DA:919,0
DA:922,0
DA:924,0
DA:932,0
DA:933,0
DA:935,0
DA:936,0
DA:937,0
DA:938,0
DA:939,0
DA:940,0
DA:944,0
DA:945,0
DA:950,0
DA:959,0
DA:960,0
DA:962,0
DA:963,0
DA:964,0
DA:967,0
DA:969,0
DA:973,0
DA:974,0
DA:979,0
DA:984,0
DA:988,0
DA:989,0
DA:991,0
DA:994,0
DA:995,0
DA:996,0
DA:997,0
DA:1001,0
DA:1002,0
DA:1003,0
DA:1005,0
DA:1007,0
DA:1008,0
DA:1011,0
DA:1012,0
DA:1015,0
DA:1020,0
DA:1021,0
DA:1025,0
DA:1028,0
DA:1029,0
DA:1034,0
DA:1035,0
DA:1036,0
DA:1038,0
DA:1042,0
DA:1043,0
DA:1045,0
DA:1048,0
DA:1049,0
DA:1051,0
DA:1055,0
DA:1056,0
DA:1059,0
DA:1060,0
DA:1061,0
DA:1062,0
DA:1063,0
DA:1064,0
DA:1065,0
DA:1067,0
DA:1068,0
DA:1069,0
DA:1074,0
DA:1076,0
DA:1077,0
DA:1079,0
DA:1080,0
DA:1081,0
DA:1083,0
DA:1086,0
DA:1090,0
DA:1091,0
DA:1092,0
DA:1093,0
DA:1101,0
DA:1102,0
DA:1103,0
DA:1105,0
DA:1107,0
DA:1108,0
DA:1109,0
DA:1110,0
DA:1111,0
DA:1113,0
DA:1116,0
DA:1117,0
DA:1118,0
DA:1119,0
DA:1120,0
DA:1122,0
DA:1125,0
DA:1126,0
DA:1127,0
DA:1129,0
DA:1132,0
DA:1133,0
DA:1134,0
DA:1135,0
DA:1136,0
DA:1137,0
DA:1138,0
DA:1140,0
DA:1148,0
DA:1149,0
DA:1151,0
DA:1152,0
DA:1154,0
DA:1158,0
DA:1159,0
DA:1161,0
DA:1162,0
DA:1163,0
DA:1167,0
DA:1170,0
DA:1171,0
DA:1175,0
DA:1176,0
DA:1177,0
DA:1178,0
DA:1181,0
DA:1186,0
DA:1187,0
DA:1190,0
DA:1191,0
DA:1192,0
DA:1196,0
DA:1197,0
DA:1198,0
DA:1201,0
DA:1202,0
DA:1203,0
DA:1206,0
DA:1207,0
DA:1208,0
DA:1213,0
DA:1214,0
DA:1215,0
DA:1221,0
DA:1222,0
DA:1225,0
DA:1226,0
DA:1227,0
DA:1231,0
DA:1232,0
DA:1233,0
DA:1236,0
DA:1239,0
DA:1240,0
DA:1241,0
DA:1248,0
DA:1249,0
DA:1250,0
DA:1251,0
DA:1252,0
DA:1253,0
DA:1259,0
DA:1260,0
DA:1261,0
DA:1262,0
DA:1263,0
DA:1264,0
DA:1270,0
DA:1271,0
DA:1272,0
DA:1287,0
DA:1289,0
DA:1292,0
DA:1293,0
DA:1294,0
DA:1295,0
DA:1296,0
DA:1297,0
DA:1306,0
DA:1307,0
DA:1308,0
DA:1312,0
DA:1313,0
DA:1314,0
DA:1317,0
DA:1318,0
DA:1319,0
DA:1324,0
DA:1327,0
DA:1328,0
DA:1332,0
DA:1333,0
DA:1336,0
DA:1337,0
DA:1340,0
DA:1341,0
DA:1345,0
DA:1346,0
DA:1347,0
DA:1352,0
DA:1355,0
DA:1356,0
DA:1359,0
DA:1360,0
DA:1361,0
DA:1366,0
DA:1367,0
DA:1369,0
DA:1372,0
DA:1373,0
DA:1375,0
DA:1380,0
DA:1381,0
DA:1382,0
DA:1383,0
DA:1384,0
DA:1385,0
DA:1387,0
DA:1390,0
DA:1392,0
DA:1399,0
DA:1400,0
DA:1403,0
DA:1406,0
DA:1409,0
DA:1410,0
DA:1411,0
DA:1415,0
DA:1418,0
DA:1419,0
DA:1422,0
DA:1425,0
DA:1426,0
DA:1431,0
LF:599
LH:0
BRDA:52,0,0,0
BRDA:56,1,0,0
BRDA:56,1,1,0
BRDA:56,2,0,0
BRDA:56,2,1,0
BRDA:69,3,0,0
BRDA:75,4,0,0
BRDA:83,5,0,0
BRDA:91,6,0,0
BRDA:99,7,0,0
BRDA:109,8,0,0
BRDA:119,9,0,0
BRDA:125,10,0,0
BRDA:125,10,1,0
BRDA:125,10,2,0
BRDA:125,10,3,0
BRDA:138,11,0,0
BRDA:140,12,0,0
BRDA:145,13,0,0
BRDA:151,14,0,0
BRDA:161,15,0,0
BRDA:174,16,0,0
BRDA:204,17,0,0
BRDA:230,18,0,0
BRDA:232,19,0,0
BRDA:241,20,0,0
BRDA:262,21,0,0
BRDA:275,22,0,0
BRDA:275,22,1,0
BRDA:309,23,0,0
BRDA:329,24,0,0
BRDA:334,25,0,0
BRDA:335,26,0,0
BRDA:335,26,1,0
BRDA:335,26,2,0
BRDA:335,26,3,0
BRDA:341,27,0,0
BRDA:347,28,0,0
BRDA:349,29,0,0
BRDA:361,30,0,0
BRDA:361,31,0,0
BRDA:361,31,1,0
BRDA:361,31,2,0
BRDA:370,32,0,0
BRDA:378,33,0,0
BRDA:387,34,0,0
BRDA:392,35,0,0
BRDA:392,35,1,0
BRDA:395,36,0,0
BRDA:395,36,1,0
BRDA:439,37,0,0
BRDA:451,38,0,0
BRDA:461,39,0,0
BRDA:475,40,0,0
BRDA:490,41,0,0
BRDA:503,42,0,0
BRDA:504,43,0,0
BRDA:504,43,1,0
BRDA:511,44,0,0
BRDA:514,45,0,0
BRDA:514,45,1,0
BRDA:528,46,0,0
BRDA:529,47,0,0
BRDA:529,47,1,0
BRDA:531,48,0,0
BRDA:531,48,1,0
BRDA:555,49,0,0
BRDA:563,50,0,0
BRDA:571,51,0,0
BRDA:571,52,0,0
BRDA:571,52,1,0
BRDA:575,53,0,0
BRDA:604,54,0,0
BRDA:605,55,0,0
BRDA:605,55,1,0
BRDA:630,56,0,0
BRDA:630,57,0,0
BRDA:630,57,1,0
BRDA:637,58,0,0
BRDA:643,59,0,0
BRDA:653,60,0,0
BRDA:662,61,0,0
BRDA:662,62,0,0
BRDA:662,62,1,0
BRDA:662,62,2,0
BRDA:673,63,0,0
BRDA:673,63,1,0
BRDA:679,64,0,0
BRDA:679,64,1,0
BRDA:679,65,0,0
BRDA:679,65,1,0
BRDA:681,66,0,0
BRDA:681,66,1,0
BRDA:715,67,0,0
BRDA:727,68,0,0
BRDA:736,69,0,0
BRDA:736,69,1,0
BRDA:744,70,0,0
BRDA:744,70,1,0
BRDA:754,71,0,0
BRDA:754,72,0,0
BRDA:754,72,1,0
BRDA:759,73,0,0
BRDA:759,74,0,0
BRDA:759,74,1,0
BRDA:764,75,0,0
BRDA:765,76,0,0
BRDA:765,76,1,0
BRDA:765,76,2,0
BRDA:765,76,3,0
BRDA:787,77,0,0
BRDA:793,78,0,0
BRDA:793,78,1,0
BRDA:801,79,0,0
BRDA:801,79,1,0
BRDA:806,80,0,0
BRDA:806,80,1,0
BRDA:806,81,0,0
BRDA:806,81,1,0
BRDA:811,82,0,0
BRDA:811,83,0,0
BRDA:811,83,1,0
BRDA:817,84,0,0
BRDA:817,84,1,0
BRDA:823,85,0,0
BRDA:823,85,1,0
BRDA:823,86,0,0
BRDA:823,86,1,0
BRDA:825,87,0,0
BRDA:859,88,0,0
BRDA:863,89,0,0
BRDA:878,90,0,0
BRDA:878,90,1,0
BRDA:880,91,0,0
BRDA:880,91,1,0
BRDA:882,92,0,0
BRDA:882,93,0,0
BRDA:882,93,1,0
BRDA:885,94,0,0
BRDA:885,94,1,0
BRDA:894,95,0,0
BRDA:894,96,0,0
BRDA:894,96,1,0
BRDA:897,97,0,0
BRDA:897,97,1,0
BRDA:902,98,0,0
BRDA:902,98,1,0
BRDA:935,99,0,0
BRDA:935,99,1,0
BRDA:935,100,0,0
BRDA:935,100,1,0
BRDA:939,101,0,0
BRDA:939,101,1,0
BRDA:939,102,0,0
BRDA:939,102,1,0
BRDA:944,103,0,0
BRDA:944,103,1,0
BRDA:973,104,0,0
BRDA:979,105,0,0
BRDA:979,105,1,0
BRDA:996,106,0,0
BRDA:997,107,0,0
BRDA:997,107,1,0
BRDA:1003,108,0,0
BRDA:1003,108,1,0
BRDA:1007,109,0,0
BRDA:1007,109,1,0
BRDA:1012,110,0,0
BRDA:1012,110,1,0
BRDA:1015,111,0,0
BRDA:1015,111,1,0
BRDA:1015,111,2,0
BRDA:1020,112,0,0
BRDA:1020,113,0,0
BRDA:1020,113,1,0
BRDA:1025,114,0,0
BRDA:1025,114,1,0
BRDA:1028,115,0,0
BRDA:1028,116,0,0
BRDA:1028,116,1,0
BRDA:1039,117,0,0
BRDA:1039,117,1,0
BRDA:1042,118,0,0
BRDA:1051,119,0,0
BRDA:1051,119,1,0
BRDA:1060,120,0,0
BRDA:1060,120,1,0
BRDA:1060,121,0,0
BRDA:1060,121,1,0
BRDA:1061,122,0,0
BRDA:1064,123,0,0
BRDA:1064,123,1,0
BRDA:1068,124,0,0
BRDA:1074,125,0,0
BRDA:1079,126,0,0
BRDA:1079,126,1,0
BRDA:1080,127,0,0
BRDA:1090,128,0,0
BRDA:1090,128,1,0
BRDA:1103,129,0,0
BRDA:1103,129,1,0
BRDA:1105,130,0,0
BRDA:1105,130,1,0
BRDA:1105,130,2,0
BRDA:1105,130,3,0
BRDA:1108,131,0,0
BRDA:1108,131,1,0
BRDA:1109,132,0,0
BRDA:1117,133,0,0
BRDA:1117,133,1,0
BRDA:1118,134,0,0
BRDA:1126,135,0,0
BRDA:1136,136,0,0
BRDA:1136,137,0,0
BRDA:1136,137,1,0
BRDA:1146,138,0,0
BRDA:1154,139,0,0
BRDA:1155,140,0,0
BRDA:1155,140,1,0
BRDA:1159,141,0,0
BRDA:1162,142,0,0
BRDA:1175,143,0,0
BRDA:1175,144,0,0
BRDA:1175,144,1,0
BRDA:1177,145,0,0
BRDA:1177,146,0,0
BRDA:1177,146,1,0
BRDA:1187,147,0,0
BRDA:1191,148,0,0
BRDA:1202,149,0,0
BRDA:1202,149,1,0
BRDA:1207,150,0,0
BRDA:1214,151,0,0
BRDA:1222,152,0,0
BRDA:1226,153,0,0
BRDA:1240,154,0,0
BRDA:1293,155,0,0
BRDA:1296,156,0,0
BRDA:1306,157,0,0
BRDA:1306,158,0,0
BRDA:1306,158,1,0
BRDA:1312,159,0,0
BRDA:1317,160,0,0
BRDA:1317,161,0,0
BRDA:1317,161,1,0
BRDA:1327,162,0,0
BRDA:1327,163,0,0
BRDA:1327,163,1,0
BRDA:1340,164,0,0
BRDA:1345,165,0,0
BRDA:1355,166,0,0
BRDA:1355,166,1,0
BRDA:1359,167,0,0
BRDA:1367,168,0,0
BRDA:1367,168,1,0
BRDA:1372,169,0,0
BRDA:1372,169,1,0
BRDA:1372,170,0,0
BRDA:1372,170,1,0
BRDA:1380,171,0,0
BRDA:1380,171,1,0
BRDA:1383,172,0,0
BRDA:1383,172,1,0
BRDA:1399,173,0,0
BRDA:1409,174,0,0
BRDA:1410,175,0,0
BRDA:1410,175,1,0
BRF:267
BRH:0
end_of_record
TN:
SF:src\components\render.ts
FN:4,renderWidget
FN:43,(anonymous_1)
FN:60,renderModalWidget
FN:77,renderResponsiveWidget
FN:152,renderHotelSelector
FN:217,(anonymous_5)
FN:223,(anonymous_6)
FN:251,renderDateSelector
FN:340,(anonymous_8)
FN:371,renderOccupancySelector
FN:481,renderPromoCodeInput
FN:496,renderSearchButton
FN:511,renderCheckinOnlineButton
FN:528,renderCalendar
FN:579,(anonymous_14)
FN:745,renderOccupancyRooms
FN:752,(anonymous_16)
FN:840,createCounter
FN:887,convertToModal
FN:915,(anonymous_19)
FN:944,(anonymous_20)
FN:951,(anonymous_21)
FN:960,(anonymous_22)
FN:965,closeModal
FNF:24
FNH:0
FNDA:0,renderWidget
FNDA:0,(anonymous_1)
FNDA:0,renderModalWidget
FNDA:0,renderResponsiveWidget
FNDA:0,renderHotelSelector
FNDA:0,(anonymous_5)
FNDA:0,(anonymous_6)
FNDA:0,renderDateSelector
FNDA:0,(anonymous_8)
FNDA:0,renderOccupancySelector
FNDA:0,renderPromoCodeInput
FNDA:0,renderSearchButton
FNDA:0,renderCheckinOnlineButton
FNDA:0,renderCalendar
FNDA:0,(anonymous_14)
FNDA:0,renderOccupancyRooms
FNDA:0,(anonymous_16)
FNDA:0,createCounter
FNDA:0,convertToModal
FNDA:0,(anonymous_19)
FNDA:0,(anonymous_20)
FNDA:0,(anonymous_21)
FNDA:0,(anonymous_22)
FNDA:0,closeModal
DA:1,0
DA:2,0
DA:4,0
DA:8,0
DA:9,0
DA:12,0
DA:19,0
DA:22,0
DA:25,0
DA:26,0
DA:27,0
DA:34,0
DA:37,0
DA:38,0
DA:40,0
DA:43,0
DA:45,0
DA:51,0
DA:53,0
DA:57,0
DA:60,0
DA:65,0
DA:68,0
DA:71,0
DA:74,0
DA:83,0
DA:84,0
DA:87,0
DA:88,0
DA:89,0
DA:90,0
DA:91,0
DA:95,0
DA:97,0
DA:98,0
DA:99,0
DA:103,0
DA:104,0
DA:106,0
DA:107,0
DA:110,0
DA:111,0
DA:115,0
DA:116,0
DA:120,0
DA:123,0
DA:126,0
DA:127,0
DA:131,0
DA:133,0
DA:134,0
DA:137,0
DA:138,0
DA:142,0
DA:143,0
DA:144,0
DA:145,0
DA:146,0
DA:147,0
DA:149,0
DA:153,0
DA:154,0
DA:156,0
DA:157,0
DA:158,0
DA:159,0
DA:160,0
DA:161,0
DA:163,0
DA:165,0
DA:176,0
DA:177,0
DA:178,0
DA:179,0
DA:180,0
DA:181,0
DA:184,0
DA:185,0
DA:187,0
DA:188,0
DA:189,0
DA:190,0
DA:192,0
DA:193,0
DA:196,0
DA:197,0
DA:200,0
DA:201,0
DA:202,0
DA:203,0
DA:204,0
DA:208,0
DA:209,0
DA:213,0
DA:216,0
DA:217,0
DA:218,0
DA:219,0
DA:220,0
DA:221,0
DA:223,0
DA:224,0
DA:225,0
DA:226,0
DA:227,0
DA:228,0
DA:232,0
DA:233,0
DA:235,0
DA:236,0
DA:239,0
DA:243,0
DA:245,0
DA:246,0
DA:248,0
DA:252,0
DA:253,0
DA:255,0
DA:256,0
DA:257,0
DA:258,0
DA:259,0
DA:260,0
DA:261,0
DA:262,0
DA:264,0
DA:276,0
DA:277,0
DA:278,0
DA:279,0
DA:283,0
DA:284,0
DA:287,0
DA:289,0
DA:291,0
DA:292,0
DA:294,0
DA:295,0
DA:296,0
DA:298,0
DA:299,0
DA:300,0
DA:301,0
DA:302,0
DA:304,0
DA:305,0
DA:306,0
DA:309,0
DA:310,0
DA:313,0
DA:314,0
DA:316,0
DA:317,0
DA:318,0
DA:319,0
DA:321,0
DA:322,0
DA:325,0
DA:326,0
DA:327,0
DA:328,0
DA:329,0
DA:330,0
DA:331,0
DA:333,0
DA:340,0
DA:341,0
DA:342,0
DA:343,0
DA:344,0
DA:345,0
DA:346,0
DA:349,0
DA:350,0
DA:353,0
DA:354,0
DA:355,0
DA:357,0
DA:360,0
DA:361,0
DA:362,0
DA:365,0
DA:366,0
DA:368,0
DA:372,0
DA:373,0
DA:375,0
DA:376,0
DA:377,0
DA:378,0
DA:379,0
DA:380,0
DA:391,0
DA:406,0
DA:407,0
DA:408,0
DA:411,0
DA:413,0
DA:415,0
DA:416,0
DA:418,0
DA:419,0
DA:420,0
DA:422,0
DA:423,0
DA:424,0
DA:425,0
DA:426,0
DA:428,0
DA:429,0
DA:430,0
DA:433,0
DA:434,0
DA:437,0
DA:438,0
DA:439,0
DA:442,0
DA:443,0
DA:446,0
DA:447,0
DA:448,0
DA:449,0
DA:450,0
DA:453,0
DA:454,0
DA:455,0
DA:456,0
DA:457,0
DA:459,0
DA:460,0
DA:463,0
DA:464,0
DA:465,0
DA:468,0
DA:469,0
DA:470,0
DA:471,0
DA:472,0
DA:475,0
DA:476,0
DA:478,0
DA:482,0
DA:483,0
DA:485,0
DA:486,0
DA:487,0
DA:488,0
DA:489,0
DA:491,0
DA:493,0
DA:497,0
DA:498,0
DA:500,0
DA:501,0
DA:502,0
DA:503,0
DA:504,0
DA:506,0
DA:508,0
DA:512,0
DA:513,0
DA:515,0
DA:516,0
DA:517,0
DA:518,0
DA:519,0
DA:520,0
DA:521,0
DA:523,0
DA:525,0
DA:528,0
DA:534,0
DA:536,0
DA:537,0
DA:540,0
DA:542,0
DA:545,0
DA:546,0
DA:548,0
DA:549,0
DA:550,0
DA:551,0
DA:552,0
DA:553,0
DA:555,0
DA:556,0
DA:557,0
DA:558,0
DA:559,0
DA:560,0
DA:562,0
DA:563,0
DA:564,0
DA:569,0
DA:570,0
DA:571,0
DA:572,0
DA:575,0
DA:576,0
DA:578,0
DA:579,0
DA:580,0
DA:581,0
DA:582,0
DA:583,0
DA:585,0
DA:588,0
DA:589,0
DA:590,0
DA:591,0
DA:599,0
DA:605,0
DA:606,0
DA:608,0
DA:609,0
DA:610,0
DA:612,0
DA:613,0
DA:614,0
DA:615,0
DA:616,0
DA:617,0
DA:620,0
DA:621,0
DA:622,0
DA:623,0
DA:624,0
DA:627,0
DA:633,0
DA:636,0
DA:637,0
DA:642,0
DA:647,0
DA:654,0
DA:659,0
DA:665,0
DA:666,0
DA:668,0
DA:669,0
DA:670,0
DA:674,0
DA:678,0
DA:682,0
DA:686,0
DA:690,0
DA:691,0
DA:692,0
DA:693,0
DA:694,0
DA:695,0
DA:696,0
DA:701,0
DA:707,0
DA:711,0
DA:712,0
DA:716,0
DA:721,0
DA:722,0
DA:724,0
DA:726,0
DA:727,0
DA:728,0
DA:729,0
DA:730,0
DA:731,0
DA:732,0
DA:734,0
DA:737,0
DA:739,0
DA:742,0
DA:745,0
DA:750,0
DA:752,0
DA:753,0
DA:754,0
DA:756,0
DA:757,0
DA:759,0
DA:760,0
DA:762,0
DA:764,0
DA:765,0
DA:766,0
DA:767,0
DA:768,0
DA:769,0
DA:770,0
DA:773,0
DA:776,0
DA:782,0
DA:783,0
DA:784,0
DA:787,0
DA:793,0
DA:794,0
DA:795,0
DA:798,0
DA:799,0
DA:800,0
DA:802,0
DA:803,0
DA:804,0
DA:806,0
DA:807,0
DA:808,0
DA:813,0
DA:814,0
DA:815,0
DA:816,0
DA:818,0
DA:819,0
DA:820,0
DA:821,0
DA:822,0
DA:823,0
DA:825,0
DA:828,0
DA:829,0
DA:830,0
DA:833,0
DA:836,0
DA:846,0
DA:847,0
DA:849,0
DA:850,0
DA:851,0
DA:853,0
DA:854,0
DA:856,0
DA:857,0
DA:858,0
DA:859,0
DA:860,0
DA:861,0
DA:862,0
DA:864,0
DA:865,0
DA:866,0
DA:867,0
DA:868,0
DA:870,0
DA:871,0
DA:872,0
DA:873,0
DA:874,0
DA:875,0
DA:876,0
DA:878,0
DA:879,0
DA:880,0
DA:881,0
DA:883,0
DA:889,0
DA:890,0
DA:894,0
DA:895,0
DA:906,0
DA:907,0
DA:908,0
DA:911,0
DA:912,0
DA:913,0
DA:914,0
DA:915,0
DA:918,0
DA:919,0
DA:920,0
DA:921,0
DA:922,0
DA:923,0
DA:924,0
DA:925,0
DA:926,0
DA:927,0
DA:929,0
DA:932,0
DA:933,0
DA:934,0
DA:938,0
DA:941,0
DA:944,0
DA:945,0
DA:946,0
DA:951,0
DA:952,0
DA:953,0
DA:954,0
DA:957,0
DA:960,0
DA:961,0
DA:967,0
DA:968,0
DA:969,0
DA:970,0
DA:971,0
DA:972,0
DA:973,0
DA:974,0
DA:975,0
DA:976,0
DA:977,0
DA:979,0
DA:982,0
DA:983,0
DA:984,0
DA:988,0
DA:989,0
DA:990,0
DA:994,0
DA:995,0
DA:996,0
DA:1000,0
DA:1001,0
DA:1002,0
LF:514
LH:0
BRDA:25,0,0,0
BRDA:45,1,0,0
BRDA:45,2,0,0
BRDA:45,2,1,0
BRDA:45,2,2,0
BRDA:45,2,3,0
BRDA:45,2,4,0
BRDA:45,2,5,0
BRDA:87,3,0,0
BRDA:110,4,0,0
BRDA:115,5,0,0
BRDA:115,6,0,0
BRDA:115,6,1,0
BRDA:126,7,0,0
BRDA:137,8,0,0
BRDA:137,9,0,0
BRDA:137,9,1,0
BRDA:163,10,0,0
BRDA:163,10,1,0
BRDA:170,11,0,0
BRDA:170,11,1,0
BRDA:206,12,0,0
BRDA:206,12,1,0
BRDA:230,13,0,0
BRDA:230,13,1,0
BRDA:235,14,0,0
BRDA:289,15,0,0
BRDA:289,15,1,0
BRDA:413,16,0,0
BRDA:413,16,1,0
BRDA:516,17,0,0
BRDA:516,17,1,0
BRDA:518,18,0,0
BRDA:518,18,1,0
BRDA:519,19,0,0
BRDA:519,19,1,0
BRDA:531,20,0,0
BRDA:537,21,0,0
BRDA:537,21,1,0
BRDA:537,21,2,0
BRDA:540,22,0,0
BRDA:540,22,1,0
BRDA:542,23,0,0
BRDA:542,23,1,0
BRDA:636,24,0,0
BRDA:668,25,0,0
BRDA:668,26,0,0
BRDA:668,26,1,0
BRDA:674,27,0,0
BRDA:675,28,0,0
BRDA:675,28,1,0
BRDA:682,29,0,0
BRDA:683,30,0,0
BRDA:683,30,1,0
BRDA:690,31,0,0
BRDA:690,32,0,0
BRDA:690,32,1,0
BRDA:690,32,2,0
BRDA:690,32,3,0
BRDA:692,33,0,0
BRDA:695,34,0,0
BRDA:695,34,1,0
BRDA:701,35,0,0
BRDA:702,36,0,0
BRDA:702,36,1,0
BRDA:702,36,2,0
BRDA:702,36,3,0
BRDA:716,37,0,0
BRDA:716,37,1,0
BRDA:716,37,2,0
BRDA:716,37,3,0
BRDA:716,37,4,0
BRDA:721,38,0,0
BRDA:724,39,0,0
BRDA:724,39,1,0
BRDA:724,40,0,0
BRDA:724,40,1,0
BRDA:724,40,2,0
BRDA:727,41,0,0
BRDA:727,41,1,0
BRDA:727,42,0,0
BRDA:727,42,1,0
BRDA:728,43,0,0
BRDA:728,43,1,0
BRDA:728,44,0,0
BRDA:728,44,1,0
BRDA:729,45,0,0
BRDA:729,45,1,0
BRDA:764,46,0,0
BRDA:798,47,0,0
BRDA:822,48,0,0
BRDA:889,49,0,0
BRDA:933,50,0,0
BRDA:945,51,0,0
BRDA:952,52,0,0
BRDA:983,53,0,0
BRDA:989,54,0,0
BRDA:995,55,0,0
BRDA:1000,56,0,0
BRF:99
BRH:0
end_of_record
TN:
SF:src\types\config.ts
FN:60,parseConfig
FN:453,getHotelGroups
FN:454,(anonymous_2)
FN:465,(anonymous_3)
FN:471,getHotelById
FN:473,(anonymous_5)
FNF:6
FNH:6
FNDA:31,parseConfig
FNDA:1,getHotelGroups
FNDA:14,(anonymous_2)
FNDA:8,(anonymous_3)
FNDA:3,getHotelById
FNDA:17,(anonymous_5)
DA:35,2
DA:60,2
DA:61,31
DA:63,31
DA:115,31
DA:116,1
DA:120,31
DA:122,2
DA:123,2
DA:124,1
DA:125,1
DA:126,1
DA:129,1
DA:140,1
DA:142,1
DA:147,1
DA:153,31
DA:155,2
DA:156,2
DA:157,2
DA:158,2
DA:159,2
DA:162,2
DA:173,1
DA:175,1
DA:180,1
DA:187,31
DA:188,2
DA:191,31
DA:209,2
DA:310,2
DA:453,2
DA:454,1
DA:455,14
DA:457,13
DA:458,13
DA:459,8
DA:461,13
DA:462,13
DA:465,8
DA:471,2
DA:473,17
LF:42
LH:42
BRDA:66,0,0,31
BRDA:66,0,1,2
BRDA:66,0,2,1
BRDA:67,1,0,31
BRDA:67,1,1,2
BRDA:72,2,0,31
BRDA:72,2,1,30
BRDA:73,3,0,31
BRDA:73,3,1,28
BRDA:76,4,0,31
BRDA:76,4,1,30
BRDA:77,5,0,31
BRDA:77,5,1,30
BRDA:78,6,0,31
BRDA:78,6,1,31
BRDA:79,7,0,31
BRDA:79,7,1,30
BRDA:80,8,0,31
BRDA:80,8,1,30
BRDA:81,9,0,31
BRDA:81,9,1,30
BRDA:82,10,0,31
BRDA:82,10,1,30
BRDA:83,11,0,31
BRDA:83,11,1,30
BRDA:86,12,0,31
BRDA:86,12,1,31
BRDA:87,13,0,31
BRDA:87,13,1,31
BRDA:88,14,0,31
BRDA:88,14,1,31
BRDA:97,15,0,31
BRDA:97,15,1,31
BRDA:102,16,0,31
BRDA:102,16,1,29
BRDA:106,17,0,31
BRDA:106,17,1,31
BRDA:107,18,0,31
BRDA:107,18,1,31
BRDA:111,19,0,0
BRDA:111,19,1,31
BRDA:115,20,0,1
BRDA:120,21,0,2
BRDA:123,22,0,1
BRDA:129,23,0,1
BRDA:130,24,0,1
BRDA:130,24,1,1
BRDA:130,24,2,1
BRDA:130,24,3,1
BRDA:130,24,4,1
BRDA:130,24,5,1
BRDA:130,24,6,1
BRDA:130,24,7,1
BRDA:130,24,8,1
BRDA:142,25,0,1
BRDA:143,26,0,1
BRDA:143,26,1,1
BRDA:143,26,2,1
BRDA:153,27,0,2
BRDA:156,28,0,2
BRDA:162,29,0,1
BRDA:163,30,0,2
BRDA:163,30,1,2
BRDA:163,30,2,2
BRDA:163,30,3,2
BRDA:163,30,4,2
BRDA:163,30,5,2
BRDA:163,30,6,2
BRDA:163,30,7,1
BRDA:163,30,8,1
BRDA:175,31,0,1
BRDA:176,32,0,1
BRDA:176,32,1,1
BRDA:176,32,2,1
BRDA:187,33,0,2
BRDA:187,34,0,31
BRDA:187,34,1,2
BRDA:455,35,0,1
BRDA:458,36,0,8
BRF:79
BRH:78
end_of_record
TN:
SF:src\utils\utils.ts
FN:1,formatDate
FN:21,addDays
FN:27,isMobile
FN:31,debounce
FN:36,(anonymous_4)
FN:38,(anonymous_5)
FN:42,createElement
FN:53,isDateInRange
FN:57,getDaysBetween
FN:62,isValidDateRange
FN:66,getMonthName
FN:70,getWeekdayNames
FN:83,formatPrice
FN:497,t
FNF:14
FNH:14
FNDA:6,formatDate
FNDA:4,addDays
FNDA:4,isMobile
FNDA:3,debounce
FNDA:4,(anonymous_4)
FNDA:3,(anonymous_5)
FNDA:4,createElement
FNDA:5,isDateInRange
FNDA:3,getDaysBetween
FNDA:3,isValidDateRange
FNDA:3,getMonthName
FNDA:3,getWeekdayNames
FNDA:10,formatPrice
FNDA:13,t
DA:1,2
DA:2,6
DA:3,6
DA:4,6
DA:5,6
DA:7,6
DA:9,2
DA:11,2
DA:13,1
DA:15,0
DA:17,1
DA:21,2
DA:22,4
DA:23,4
DA:24,4
DA:27,2
DA:28,4
DA:31,2
DA:36,3
DA:37,4
DA:38,4
DA:42,2
DA:47,4
DA:48,4
DA:49,4
DA:50,4
DA:53,2
DA:54,5
DA:57,2
DA:58,3
DA:59,3
DA:62,2
DA:63,3
DA:66,2
DA:67,3
DA:70,2
DA:71,3
DA:72,3
DA:74,3
DA:75,21
DA:76,21
DA:77,21
DA:80,3
DA:83,2
DA:84,10
DA:85,1
DA:89,9
DA:117,9
DA:120,9
DA:122,9
DA:123,3
DA:126,6
DA:136,2
DA:497,2
DA:499,13
DA:500,13
DA:502,13
DA:503,13
DA:504,1
DA:505,1
DA:509,12
LF:61
LH:60
BRDA:1,0,0,2
BRDA:7,1,0,2
BRDA:7,1,1,2
BRDA:7,1,2,1
BRDA:7,1,3,0
BRDA:7,1,4,1
BRDA:48,2,0,2
BRDA:49,3,0,2
BRDA:54,4,0,5
BRDA:54,4,1,4
BRDA:66,5,0,1
BRDA:70,6,0,1
BRDA:84,7,0,1
BRDA:117,8,0,9
BRDA:117,8,1,1
BRDA:122,9,0,3
BRDA:497,10,0,3
BRDA:503,11,0,1
BRDA:510,12,0,12
BRDA:510,12,1,5
BRDA:510,12,2,1
BRDA:510,12,3,0
BRF:22
BRH:20
end_of_record
